2026-04-05 20:24:46,171 [INFO] ============================================================
2026-04-05 20:24:46,171 [INFO] PDH/PDL DATA FETCH — 2026-04-05 20:24
2026-04-05 20:24:46,172 [INFO] ============================================================
2026-04-05 20:24:46,172 [INFO] Fetching data for 50 stocks...
2026-04-05 20:24:47,885 [WARNING] Connection pool is full, discarding connection: query2.finance.yahoo.com. Connection pool size: 10
2026-04-05 20:24:47,885 [WARNING] Connection pool is full, discarding connection: query2.finance.yahoo.com. Connection pool size: 10
2026-04-05 20:24:52,842 [WARNING] Connection pool is full, discarding connection: query2.finance.yahoo.com. Connection pool size: 10
2026-04-05 20:24:52,949 [WARNING] Connection pool is full, discarding connection: query2.finance.yahoo.com. Connection pool size: 10
2026-04-05 20:24:57,034 [ERROR] 404 Client Error: Not Found for url: https://query2.finance.yahoo.com/v10/finance/quoteSummary/TATAMOTORS.NS?modules=financialData%2CquoteType%2CdefaultKeyStatistics%2CassetProfile%2CsummaryDetail&corsDomain=finance.yahoo.com&formatted=false&symbol=TATAMOTORS.NS&crumb=HzE6tvy6Rdy
2026-04-05 20:24:57,050 [ERROR] 
1 Failed download:
2026-04-05 20:24:57,051 [ERROR] ['TATAMOTORS.NS']: AttributeError("'NoneType' object has no attribute 'update'")
2026-04-05 20:24:57,070 [INFO] RELIANCE        PDH=1384.40  PDL=1362.90  AvgVol=20,582,236  EMA20=1387.48
2026-04-05 20:24:57,071 [INFO] TCS             PDH=2472.00  PDL=2397.90  AvgVol=3,879,439  EMA20=2440.53
2026-04-05 20:24:57,073 [INFO] HDFCBANK        PDH=755.90  PDL=739.10  AvgVol=60,171,928  EMA20=800.65
2026-04-05 20:24:57,075 [INFO] INFY            PDH=1303.00  PDL=1269.50  AvgVol=11,708,702  EMA20=1271.51
2026-04-05 20:24:57,076 [INFO] ICICIBANK       PDH=1234.00  PDL=1210.00  AvgVol=19,179,501  EMA20=1267.87
2026-04-05 20:24:57,077 [INFO] HINDUNILVR      PDH=2119.90  PDL=2052.00  AvgVol=1,991,817  EMA20=2140.61
2026-04-05 20:24:57,079 [INFO] SBIN            PDH=1031.00  PDL=998.45  AvgVol=17,689,827  EMA20=1069.00
2026-04-05 20:24:57,080 [INFO] BAJFINANCE      PDH=842.05  PDL=814.80  AvgVol=11,750,338  EMA20=874.24
2026-04-05 20:24:57,081 [INFO] BHARTIARTL      PDH=1817.30  PDL=1776.50  AvgVol=11,199,583  EMA20=1831.53
2026-04-05 20:24:57,082 [INFO] KOTAKBANK       PDH=364.05  PDL=355.00  AvgVol=23,192,160  EMA20=375.51
2026-04-05 20:24:57,084 [INFO] LT              PDH=3682.90  PDL=3597.30  AvgVol=4,976,064  EMA20=3675.11
2026-04-05 20:24:57,087 [INFO] WIPRO           PDH=194.49  PDL=190.41  AvgVol=17,940,014  EMA20=193.46
2026-04-05 20:24:57,089 [INFO] HCLTECH         PDH=1399.70  PDL=1349.00  AvgVol=3,468,565  EMA20=1356.25
2026-04-05 20:24:57,091 [INFO] ASIANPAINT      PDH=2246.60  PDL=2198.40  AvgVol=1,200,028  EMA20=2236.06
2026-04-05 20:24:57,092 [INFO] MARUTI          PDH=12900.00  PDL=12333.00  AvgVol=639,907  EMA20=13043.55
2026-04-05 20:24:57,094 [INFO] AXISBANK        PDH=1208.00  PDL=1175.00  AvgVol=8,416,978  EMA20=1238.10
2026-04-05 20:24:57,095 [INFO] NTPC            PDH=381.90  PDL=361.45  AvgVol=14,815,015  EMA20=375.23
2026-04-05 20:24:57,097 [INFO] POWERGRID       PDH=305.90  PDL=290.20  AvgVol=19,295,054  EMA20=297.45
2026-04-05 20:24:57,098 [INFO] TITAN           PDH=4100.00  PDL=4000.00  AvgVol=980,055  EMA20=4085.79
2026-04-05 20:24:57,099 [INFO] ULTRACEMCO      PDH=11112.00  PDL=10643.00  AvgVol=436,381  EMA20=11227.30
2026-04-05 20:24:57,101 [INFO] SUNPHARMA       PDH=1788.00  PDL=1713.20  AvgVol=3,054,760  EMA20=1762.48
2026-04-05 20:24:57,103 [INFO] TECHM           PDH=1422.80  PDL=1395.00  AvgVol=2,274,922  EMA20=1379.14
2026-04-05 20:24:57,104 [INFO] ONGC            PDH=293.00  PDL=282.80  AvgVol=28,115,819  EMA20=275.16
2026-04-05 20:24:57,105 [INFO] JSWSTEEL        PDH=1159.00  PDL=1134.50  AvgVol=1,969,843  EMA20=1165.22
2026-04-05 20:24:57,107 [WARNING] TATAMOTORS: Not enough data (got 0 rows)
2026-04-05 20:24:57,108 [INFO] TATASTEEL       PDH=200.20  PDL=194.00  AvgVol=37,970,812  EMA20=195.44
2026-04-05 20:24:57,110 [INFO] ADANIENT        PDH=1870.00  PDL=1803.80  AvgVol=2,170,399  EMA20=1931.43
2026-04-05 20:24:57,111 [INFO] COALINDIA       PDH=464.85  PDL=446.80  AvgVol=15,298,912  EMA20=448.62
2026-04-05 20:24:57,112 [INFO] BAJAJFINSV      PDH=1683.10  PDL=1642.00  AvgVol=1,809,554  EMA20=1760.58
2026-04-05 20:24:57,114 [INFO] DIVISLAB        PDH=6123.00  PDL=5834.00  AvgVol=297,499  EMA20=6080.97
2026-04-05 20:24:57,116 [INFO] DRREDDY         PDH=1284.80  PDL=1206.10  AvgVol=1,909,915  EMA20=1273.29
2026-04-05 20:24:57,118 [INFO] EICHERMOT       PDH=6891.50  PDL=6750.00  AvgVol=650,128  EMA20=7035.33
2026-04-05 20:24:57,119 [INFO] NESTLEIND       PDH=1191.60  PDL=1167.10  AvgVol=1,313,178  EMA20=1213.28
2026-04-05 20:24:57,120 [INFO] CIPLA           PDH=1257.00  PDL=1194.00  AvgVol=1,589,362  EMA20=1260.60
2026-04-05 20:24:57,122 [INFO] HINDALCO        PDH=922.50  PDL=900.10  AvgVol=7,487,473  EMA20=903.95
2026-04-05 20:24:57,123 [INFO] INDUSINDBK      PDH=793.65  PDL=765.95  AvgVol=4,545,058  EMA20=828.42
2026-04-05 20:24:57,124 [INFO] GRASIM          PDH=2613.30  PDL=2576.00  AvgVol=1,330,048  EMA20=2651.00
2026-04-05 20:24:57,125 [INFO] TATACONSUM      PDH=1036.00  PDL=1013.00  AvgVol=1,526,905  EMA20=1069.22
2026-04-05 20:24:57,126 [INFO] BPCL            PDH=292.00  PDL=280.10  AvgVol=16,144,571  EMA20=305.23
2026-04-05 20:24:57,128 [INFO] HEROMOTOCO      PDH=5244.00  PDL=5077.50  AvgVol=513,296  EMA20=5277.88
2026-04-05 20:24:57,130 [INFO] BRITANNIA       PDH=5538.00  PDL=5433.50  AvgVol=404,362  EMA20=5696.65
2026-04-05 20:24:57,131 [INFO] APOLLOHOSP      PDH=7587.00  PDL=7250.50  AvgVol=471,028  EMA20=7489.22
2026-04-05 20:24:57,132 [INFO] SHREECEM        PDH=23510.00  PDL=23080.00  AvgVol=36,534  EMA20=23911.04
2026-04-05 20:24:57,133 [INFO] M&M             PDH=3079.90  PDL=3010.10  AvgVol=4,055,734  EMA20=3115.47
2026-04-05 20:24:57,135 [INFO] SBILIFE         PDH=1845.60  PDL=1762.50  AvgVol=1,201,438  EMA20=1886.59
2026-04-05 20:24:57,137 [INFO] HDFCLIFE        PDH=606.15  PDL=569.00  AvgVol=4,042,621  EMA20=628.15
2026-04-05 20:24:57,138 [INFO] BAJAJ-AUTO      PDH=9170.00  PDL=8870.00  AvgVol=370,645  EMA20=9126.13
2026-04-05 20:24:57,139 [INFO] UPL             PDH=601.85  PDL=573.00  AvgVol=2,594,854  EMA20=610.83
2026-04-05 20:24:57,141 [INFO] ADANIPORTS      PDH=1405.40  PDL=1348.70  AvgVol=2,970,338  EMA20=1392.62
2026-04-05 20:24:57,143 [INFO] ITC             PDH=294.45  PDL=290.90  AvgVol=24,638,408  EMA20=300.54
2026-04-05 20:24:57,143 [INFO] Successfully fetched levels for 49/50 stocks.
2026-04-05 20:24:57,145 [INFO] Levels saved to levels.json
2026-04-05 20:24:57,145 [INFO] 
Done. 49 stocks ready for trading today.
2026-04-05 20:24:57,145 [INFO] Now run: python trader.py
2026-04-05 20:25:09,836 [INFO] ============================================================
2026-04-05 20:25:09,837 [INFO] PDH/PDL SIGNAL SCANNER — 2026-04-05
2026-04-05 20:25:09,837 [INFO] ============================================================
2026-04-05 20:25:09,837 [INFO] Testing Telegram connection...
2026-04-05 20:25:10,899 [INFO] Loaded cached levels for 49 stocks from levels.json
2026-04-05 20:25:10,899 [INFO] Watching 49 stocks.
2026-04-05 20:25:11,800 [INFO] Signal engine initialized for 49 symbols.
2026-04-05 20:25:11,800 [INFO] Waiting for trading window (09:30)...
2026-04-05 20:25:12,817 [INFO] Market closed. Scanner exiting. See you tomorrow!
